<?xml version="1.0" encoding="UTF-8"?>
<testsuite xmlns:xsi="http://www.w3.org/2001/XMLSchema-instance" xsi:noNamespaceSchemaLocation="https://maven.apache.org/surefire/maven-surefire-plugin/xsd/surefire-test-report-3.0.xsd" version="3.0" name="org.timetracker_server.GreetingResourceTest" time="58.45" tests="1" errors="0" skipped="0" failures="0">
  <properties>
[...]
</properties>
  <testcase name="testHelloEndpoint" classname="org.timetracker_server.GreetingResourceTest" time="29.316">
    <system-out><![CDATA[2024-05-08 13:05:45,894 INFO  [io.quarkus] (main) timetracker_server 1.0.0-SNAPSHOT on JVM (powered by Quarkus 3.9.5) started in 22.371s. Listening on: http://localhost:8081
2024-05-08 13:05:45,907 INFO  [io.quarkus] (main) Profile test activated. 
2024-05-08 13:05:45,907 INFO  [io.quarkus] (main) Installed features: [cdi, mongodb-client, resteasy, resteasy-jsonb, security, smallrye-context-propagation, smallrye-jwt, smallrye-openapi, swagger-ui, vertx]
2024-05-08 13:06:08,918 WARN  [io.ver.cor.imp.BlockedThreadChecker] (vertx-blocked-thread-checker) Thread Thread[vert.x-eventloop-thread-1,5,main] has been blocked for 2489 ms, time limit is 2000 ms: io.vertx.core.VertxException: Thread blocked
	at java.base@17.0.8/java.util.zip.Inflater.inflateBytesBytes(Native Method)
	at java.base@17.0.8/java.util.zip.Inflater.inflate(Inflater.java:378)
	at java.base@17.0.8/java.util.zip.InflaterInputStream.read(InflaterInputStream.java:152)
	at java.base@17.0.8/java.io.InputStream.readNBytes(InputStream.java:409)
	at java.base@17.0.8/java.io.InputStream.readAllBytes(InputStream.java:346)
	at platform/jdk.zipfs@17.0.8/jdk.nio.zipfs.ZipFileSystem.newByteChannel(ZipFileSystem.java:977)
	at platform/jdk.zipfs@17.0.8/jdk.nio.zipfs.ZipPath.newByteChannel(ZipPath.java:864)
	at platform/jdk.zipfs@17.0.8/jdk.nio.zipfs.ZipFileSystemProvider.newByteChannel(ZipFileSystemProvider.java:238)
	at java.base@17.0.8/java.nio.file.Files.newByteChannel(Files.java:380)
	at java.base@17.0.8/java.nio.file.Files.newByteChannel(Files.java:432)
	at java.base@17.0.8/java.nio.file.Files.readAllBytes(Files.java:3288)
	at app//io.quarkus.bootstrap.classloading.PathTreeClassPathElement$Resource.getData(PathTreeClassPathElement.java:269)
	at app//io.quarkus.bootstrap.classloading.QuarkusClassLoader.loadClass(QuarkusClassLoader.java:506)
	at app//io.quarkus.bootstrap.classloading.QuarkusClassLoader.loadClass(QuarkusClassLoader.java:468)
	at io.smallrye.mutiny.operators.AbstractUni.memoize(AbstractUni.java:106)
	at io.quarkus.vertx.http.runtime.security.HttpSecurityRecorder$AbstractAuthenticationHandler.handle(HttpSecurityRecorder.java:274)
	at io.quarkus.vertx.http.runtime.security.HttpSecurityRecorder$AbstractAuthenticationHandler.handle(HttpSecurityRecorder.java:224)
	at io.vertx.ext.web.impl.RouteState.handleContext(RouteState.java:1285)
	at io.vertx.ext.web.impl.RoutingContextImplBase.iterateNext(RoutingContextImplBase.java:177)
	at io.vertx.ext.web.impl.RoutingContextImpl.next(RoutingContextImpl.java:137)
	at io.quarkus.vertx.http.runtime.cors.CORSFilter.handle(CORSFilter.java:138)
	at io.quarkus.vertx.http.runtime.cors.CORSFilter.handle(CORSFilter.java:21)
	at io.vertx.ext.web.impl.RouteState.handleContext(RouteState.java:1285)
	at io.vertx.ext.web.impl.RoutingContextImplBase.iterateNext(RoutingContextImplBase.java:177)
	at io.vertx.ext.web.impl.RoutingContextImpl.next(RoutingContextImpl.java:137)
	at io.vertx.ext.web.impl.RouterImpl.handle(RouterImpl.java:68)
	at io.vertx.ext.web.impl.RouterImpl.handle(RouterImpl.java:37)
	at io.quarkus.vertx.http.runtime.options.HttpServerCommonHandlers$2.handle(HttpServerCommonHandlers.java:86)
	at io.quarkus.vertx.http.runtime.options.HttpServerCommonHandlers$2.handle(HttpServerCommonHandlers.java:69)
	at io.quarkus.vertx.http.runtime.VertxHttpRecorder$1.handle(VertxHttpRecorder.java:148)
	at io.quarkus.vertx.http.runtime.VertxHttpRecorder$1.handle(VertxHttpRecorder.java:124)
	at io.vertx.core.impl.ContextImpl.emit(ContextImpl.java:328)
	at io.vertx.core.impl.DuplicatedContext.emit(DuplicatedContext.java:166)
	at io.vertx.core.http.impl.Http1xServerConnection.handleMessage(Http1xServerConnection.java:174)
	at io.vertx.core.net.impl.ConnectionBase.read(ConnectionBase.java:159)
	at io.vertx.core.net.impl.VertxHandler.channelRead(VertxHandler.java:153)
	at io.netty.channel.AbstractChannelHandlerContext.invokeChannelRead(AbstractChannelHandlerContext.java:442)
	at io.netty.channel.AbstractChannelHandlerContext.invokeChannelRead(AbstractChannelHandlerContext.java:420)
	at io.netty.channel.AbstractChannelHandlerContext.fireChannelRead(AbstractChannelHandlerContext.java:412)
	at io.vertx.core.http.impl.Http1xUpgradeToH2CHandler.channelRead(Http1xUpgradeToH2CHandler.java:124)
	at io.netty.channel.AbstractChannelHandlerContext.invokeChannelRead(AbstractChannelHandlerContext.java:444)
	at io.netty.channel.AbstractChannelHandlerContext.invokeChannelRead(AbstractChannelHandlerContext.java:420)
	at io.netty.channel.AbstractChannelHandlerContext.fireChannelRead(AbstractChannelHandlerContext.java:412)
	at io.netty.handler.timeout.IdleStateHandler.channelRead(IdleStateHandler.java:289)
	at io.netty.channel.AbstractChannelHandlerContext.invokeChannelRead(AbstractChannelHandlerContext.java:442)
	at io.netty.channel.AbstractChannelHandlerContext.invokeChannelRead(AbstractChannelHandlerContext.java:420)
	at io.netty.channel.AbstractChannelHandlerContext.fireChannelRead(AbstractChannelHandlerContext.java:412)
	at io.netty.handler.codec.ByteToMessageDecoder.fireChannelRead(ByteToMessageDecoder.java:346)
	at io.netty.handler.codec.ByteToMessageDecoder.channelRead(ByteToMessageDecoder.java:318)
	at io.netty.channel.AbstractChannelHandlerContext.invokeChannelRead(AbstractChannelHandlerContext.java:444)
	at io.netty.channel.AbstractChannelHandlerContext.invokeChannelRead(AbstractChannelHandlerContext.java:420)
	at io.netty.channel.AbstractChannelHandlerContext.fireChannelRead(AbstractChannelHandlerContext.java:412)
	at io.vertx.core.http.impl.Http1xOrH2CHandler.end(Http1xOrH2CHandler.java:61)
	at io.vertx.core.http.impl.Http1xOrH2CHandler.channelRead(Http1xOrH2CHandler.java:38)
	at io.netty.channel.AbstractChannelHandlerContext.invokeChannelRead(AbstractChannelHandlerContext.java:444)
	at io.netty.channel.AbstractChannelHandlerContext.invokeChannelRead(AbstractChannelHandlerContext.java:420)
	at io.netty.channel.AbstractChannelHandlerContext.fireChannelRead(AbstractChannelHandlerContext.java:412)
	at io.netty.handler.timeout.IdleStateHandler.channelRead(IdleStateHandler.java:289)
	at io.netty.channel.AbstractChannelHandlerContext.invokeChannelRead(AbstractChannelHandlerContext.java:442)
	at io.netty.channel.AbstractChannelHandlerContext.invokeChannelRead(AbstractChannelHandlerContext.java:420)
	at io.netty.channel.AbstractChannelHandlerContext.fireChannelRead(AbstractChannelHandlerContext.java:412)
	at io.netty.channel.DefaultChannelPipeline$HeadContext.channelRead(DefaultChannelPipeline.java:1410)
	at io.netty.channel.AbstractChannelHandlerContext.invokeChannelRead(AbstractChannelHandlerContext.java:440)
	at io.netty.channel.AbstractChannelHandlerContext.invokeChannelRead(AbstractChannelHandlerContext.java:420)
	at io.netty.channel.DefaultChannelPipeline.fireChannelRead(DefaultChannelPipeline.java:919)
	at io.netty.channel.nio.AbstractNioByteChannel$NioByteUnsafe.read(AbstractNioByteChannel.java:166)
	at io.netty.channel.nio.NioEventLoop.processSelectedKey(NioEventLoop.java:788)
	at io.netty.channel.nio.NioEventLoop.processSelectedKeysOptimized(NioEventLoop.java:724)
	at io.netty.channel.nio.NioEventLoop.processSelectedKeys(NioEventLoop.java:650)
	at io.netty.channel.nio.NioEventLoop.run(NioEventLoop.java:562)
	at io.netty.util.concurrent.SingleThreadEventExecutor$4.run(SingleThreadEventExecutor.java:997)
	at io.netty.util.internal.ThreadExecutorMap$2.run(ThreadExecutorMap.java:74)
	at io.netty.util.concurrent.FastThreadLocalRunnable.run(FastThreadLocalRunnable.java:30)
	at java.base@17.0.8/java.lang.Thread.run(Thread.java:833)

2024-05-08 13:06:11,417 WARN  [io.ver.cor.imp.BlockedThreadChecker] (vertx-blocked-thread-checker) Thread Thread[vert.x-eventloop-thread-1,5,main] has been blocked for 4491 ms, time limit is 2000 ms: io.vertx.core.VertxException: Thread blocked
	at java.base@17.0.8/java.lang.String.startsWith(String.java:2302)
	at io.quarkus.runtime.configuration.QuarkusConfigBuilderCustomizer$2$1.apply(QuarkusConfigBuilderCustomizer.java:61)
	at io.quarkus.runtime.configuration.QuarkusConfigBuilderCustomizer$2$1.apply(QuarkusConfigBuilderCustomizer.java:53)
	at io.smallrye.config.RelocateConfigSourceInterceptor.getValue(RelocateConfigSourceInterceptor.java:24)
	at io.smallrye.config.SmallRyeConfigSourceInterceptorContext.proceed(SmallRyeConfigSourceInterceptorContext.java:25)
	at io.smallrye.config.RelocateConfigSourceInterceptor.getValue(RelocateConfigSourceInterceptor.java:25)
	at io.smallrye.config.SmallRyeConfigSourceInterceptorContext.proceed(SmallRyeConfigSourceInterceptorContext.java:25)
	at io.smallrye.config.ProfileConfigSourceInterceptor.getProfileValue(ProfileConfigSourceInterceptor.java:51)
	at io.smallrye.config.ProfileConfigSourceInterceptor.getValue(ProfileConfigSourceInterceptor.java:36)
	at io.smallrye.config.SmallRyeConfigSourceInterceptorContext.proceed(SmallRyeConfigSourceInterceptorContext.java:25)
	at io.smallrye.config.LoggingConfigSourceInterceptor.getValue(LoggingConfigSourceInterceptor.java:26)
	at io.smallrye.config.SmallRyeConfigSourceInterceptorContext.proceed(SmallRyeConfigSourceInterceptorContext.java:25)
	at io.smallrye.config.RelocateConfigSourceInterceptor.getValue(RelocateConfigSourceInterceptor.java:25)
	at io.quarkus.smallrye.openapi.runtime.OpenApiConfigMapping.getValue(OpenApiConfigMapping.java:32)
	at io.smallrye.config.SmallRyeConfigSourceInterceptorContext.proceed(SmallRyeConfigSourceInterceptorContext.java:25)
	at io.smallrye.config.RelocateConfigSourceInterceptor.getValue(RelocateConfigSourceInterceptor.java:25)
	at io.smallrye.config.SmallRyeConfigSourceInterceptorContext.proceed(SmallRyeConfigSourceInterceptorContext.java:25)
	at io.smallrye.config.RelocateConfigSourceInterceptor.getValue(RelocateConfigSourceInterceptor.java:25)
	at io.quarkus.smallrye.openapi.runtime.OpenApiConfigMapping.getValue(OpenApiConfigMapping.java:32)
	at io.smallrye.config.SmallRyeConfigSourceInterceptorContext.proceed(SmallRyeConfigSourceInterceptorContext.java:25)
	at io.smallrye.config.ExpressionConfigSourceInterceptor.getValue(ExpressionConfigSourceInterceptor.java:43)
	at io.smallrye.config.ExpressionConfigSourceInterceptor.getValue(ExpressionConfigSourceInterceptor.java:35)
	at io.smallrye.config.SmallRyeConfigSourceInterceptorContext.proceed(SmallRyeConfigSourceInterceptorContext.java:25)
	at io.smallrye.config.SecretKeysHandlerConfigSourceInterceptor.getValue(SecretKeysHandlerConfigSourceInterceptor.java:26)
	at io.smallrye.config.SmallRyeConfigSourceInterceptorContext.proceed(SmallRyeConfigSourceInterceptorContext.java:25)
	at io.smallrye.config.FallbackConfigSourceInterceptor.getValue(FallbackConfigSourceInterceptor.java:24)
	at io.smallrye.config.SmallRyeConfigSourceInterceptorContext.proceed(SmallRyeConfigSourceInterceptorContext.java:25)
	at io.smallrye.config.SmallRyeConfig.getConfigValue(SmallRyeConfig.java:382)
	at io.smallrye.config.inject.ConfigProducerUtil.lambda$getConfigValue$2(ConfigProducerUtil.java:156)
	at io.smallrye.config.inject.ConfigProducerUtil$$Lambda$1879/0x000002aada650200.get(Unknown Source)
	at io.smallrye.config.SecretKeys.doUnlocked(SecretKeys.java:28)
	at io.smallrye.config.inject.ConfigProducerUtil.getConfigValue(ConfigProducerUtil.java:156)
	at io.smallrye.config.inject.ConfigProducerUtil.getValue(ConfigProducerUtil.java:91)
	at io.smallrye.config.inject.ConfigProducerUtil.getValue(ConfigProducerUtil.java:60)
	at io.smallrye.config.inject.ConfigProducer.produceOptionalConfigProperty(ConfigProducer.java:115)
	at io.smallrye.config.inject.ConfigProducer_Subclass.produceOptionalConfigProperty$$superforward(Unknown Source)
	at io.smallrye.config.inject.ConfigProducer_Subclass$$function$$13.apply(Unknown Source)
	at io.quarkus.arc.impl.AroundInvokeInvocationContext.proceed(AroundInvokeInvocationContext.java:73)
	at io.quarkus.arc.impl.AroundInvokeInvocationContext.proceed(AroundInvokeInvocationContext.java:62)
	at io.quarkus.arc.runtime.ConfigStaticInitCheckInterceptor.aroundInvoke(ConfigStaticInitCheckInterceptor.java:41)
	at io.quarkus.arc.runtime.ConfigStaticInitCheckInterceptor_Bean.intercept(Unknown Source)
	at io.quarkus.arc.impl.InterceptorInvocation.invoke(InterceptorInvocation.java:42)
	at io.quarkus.arc.impl.AroundInvokeInvocationContext.perform(AroundInvokeInvocationContext.java:30)
	at io.quarkus.arc.impl.InvocationContexts.performAroundInvoke(InvocationContexts.java:27)
	at io.smallrye.config.inject.ConfigProducer_Subclass.produceOptionalConfigProperty(Unknown Source)
	at io.smallrye.config.inject.ConfigProducer_ProducerMethod_produceOptionalConfigProperty_VHm2mWLGhAnq75zRt-BWyTWu_IE_Bean.doCreate(Unknown Source)
	at io.smallrye.config.inject.ConfigProducer_ProducerMethod_produceOptionalConfigProperty_VHm2mWLGhAnq75zRt-BWyTWu_IE_Bean.create(Unknown Source)
	at io.smallrye.config.inject.ConfigProducer_ProducerMethod_produceOptionalConfigProperty_VHm2mWLGhAnq75zRt-BWyTWu_IE_Bean.get(Unknown Source)
	at io.smallrye.config.inject.ConfigProducer_ProducerMethod_produceOptionalConfigProperty_VHm2mWLGhAnq75zRt-BWyTWu_IE_Bean.get(Unknown Source)
	at io.quarkus.arc.impl.CurrentInjectionPointProvider.get(CurrentInjectionPointProvider.java:48)
	at io.smallrye.jwt.config.JWTAuthContextInfoProvider_Bean.doCreate(Unknown Source)
	at io.smallrye.jwt.config.JWTAuthContextInfoProvider_Bean.create(Unknown Source)
	at io.smallrye.jwt.config.JWTAuthContextInfoProvider_Bean.get(Unknown Source)
	at io.smallrye.jwt.config.JWTAuthContextInfoProvider_Bean.get(Unknown Source)
	at io.smallrye.jwt.config.JWTAuthContextInfoProvider_ProducerMethod_getContextInfo_IdERZ3rgTvGnz5ERAK80guTDswo_Bean.doCreate(Unknown Source)
	at io.smallrye.jwt.config.JWTAuthContextInfoProvider_ProducerMethod_getContextInfo_IdERZ3rgTvGnz5ERAK80guTDswo_Bean.create(Unknown Source)
	at io.smallrye.jwt.config.JWTAuthContextInfoProvider_ProducerMethod_getContextInfo_IdERZ3rgTvGnz5ERAK80guTDswo_Bean.create(Unknown Source)
	at io.quarkus.arc.impl.AbstractSharedContext.createInstanceHandle(AbstractSharedContext.java:119)
	at io.quarkus.arc.impl.AbstractSharedContext$1.get(AbstractSharedContext.java:38)
	at io.quarkus.arc.impl.AbstractSharedContext$1.get(AbstractSharedContext.java:35)
	at io.quarkus.arc.generator.Default_jakarta_enterprise_context_ApplicationScoped_ContextInstances.c20(Unknown Source)
	at io.quarkus.arc.generator.Default_jakarta_enterprise_context_ApplicationScoped_ContextInstances.computeIfAbsent(Unknown Source)
	at io.quarkus.arc.impl.AbstractSharedContext.get(AbstractSharedContext.java:35)
	at io.quarkus.arc.impl.ClientProxies.getApplicationScopedDelegate(ClientProxies.java:21)
	at io.smallrye.jwt.auth.principal.JWTAuthContextInfoProvider_ProducerMethod_getContextInfo_IdERZ3rgTvGnz5ERAK80guTDswo_ClientProxy.arc$delegate(Unknown Source)
	at io.smallrye.jwt.auth.principal.JWTAuthContextInfoProvider_ProducerMethod_getContextInfo_IdERZ3rgTvGnz5ERAK80guTDswo_ClientProxy.getTokenHeader(Unknown Source)
	at io.smallrye.jwt.auth.AbstractBearerTokenExtractor.getBearerToken(AbstractBearerTokenExtractor.java:52)
	at io.quarkus.smallrye.jwt.runtime.auth.JWTAuthMechanism.authenticate(JWTAuthMechanism.java:63)
	at io.quarkus.smallrye.jwt.runtime.auth.JWTAuthMechanism_ClientProxy.authenticate(Unknown Source)
	at io.quarkus.vertx.http.runtime.security.HttpAuthenticator$5.apply(HttpAuthenticator.java:185)
	at io.quarkus.vertx.http.runtime.security.HttpAuthenticator$5.apply(HttpAuthenticator.java:179)
	at io.smallrye.context.impl.wrappers.SlowContextualFunction.apply(SlowContextualFunction.java:21)
	at io.smallrye.mutiny.operators.uni.UniOnItemTransformToUni$UniOnItemTransformToUniProcessor.performInnerSubscription(UniOnItemTransformToUni.java:68)
	at io.smallrye.mutiny.operators.uni.UniOnItemTransformToUni$UniOnItemTransformToUniProcessor.onItem(UniOnItemTransformToUni.java:57)
	at io.smallrye.mutiny.operators.uni.builders.UniCreateFromKnownItem$KnownItemSubscription.forward(UniCreateFromKnownItem.java:38)
	at io.smallrye.mutiny.operators.uni.builders.UniCreateFromKnownItem.subscribe(UniCreateFromKnownItem.java:23)
	at io.smallrye.mutiny.operators.AbstractUni.subscribe(AbstractUni.java:36)
	at io.smallrye.mutiny.operators.uni.UniOnItemTransformToUni.subscribe(UniOnItemTransformToUni.java:25)
	at io.smallrye.mutiny.operators.AbstractUni.subscribe(AbstractUni.java:36)
	at io.smallrye.mutiny.groups.UniSubscribe.withSubscriber(UniSubscribe.java:51)
	at io.smallrye.mutiny.operators.uni.UniMemoizeOp.subscribe(UniMemoizeOp.java:59)
	at io.smallrye.mutiny.operators.AbstractUni.subscribe(AbstractUni.java:36)
	at io.smallrye.mutiny.groups.UniSubscribe.withSubscriber(UniSubscribe.java:51)
	at io.quarkus.vertx.http.runtime.security.HttpSecurityRecorder$AbstractAuthenticationHandler.handle(HttpSecurityRecorder.java:276)
	at io.quarkus.vertx.http.runtime.security.HttpSecurityRecorder$AbstractAuthenticationHandler.handle(HttpSecurityRecorder.java:224)
	at io.vertx.ext.web.impl.RouteState.handleContext(RouteState.java:1285)
	at io.vertx.ext.web.impl.RoutingContextImplBase.iterateNext(RoutingContextImplBase.java:177)
	at io.vertx.ext.web.impl.RoutingContextImpl.next(RoutingContextImpl.java:137)
	at io.quarkus.vertx.http.runtime.cors.CORSFilter.handle(CORSFilter.java:138)
	at io.quarkus.vertx.http.runtime.cors.CORSFilter.handle(CORSFilter.java:21)
	at io.vertx.ext.web.impl.RouteState.handleContext(RouteState.java:1285)
	at io.vertx.ext.web.impl.RoutingContextImplBase.iterateNext(RoutingContextImplBase.java:177)
	at io.vertx.ext.web.impl.RoutingContextImpl.next(RoutingContextImpl.java:137)
	at io.vertx.ext.web.impl.RouterImpl.handle(RouterImpl.java:68)
	at io.vertx.ext.web.impl.RouterImpl.handle(RouterImpl.java:37)
	at io.quarkus.vertx.http.runtime.options.HttpServerCommonHandlers$2.handle(HttpServerCommonHandlers.java:86)
	at io.quarkus.vertx.http.runtime.options.HttpServerCommonHandlers$2.handle(HttpServerCommonHandlers.java:69)
	at io.quarkus.vertx.http.runtime.VertxHttpRecorder$1.handle(VertxHttpRecorder.java:148)
	at io.quarkus.vertx.http.runtime.VertxHttpRecorder$1.handle(VertxHttpRecorder.java:124)
	at io.vertx.core.impl.ContextImpl.emit(ContextImpl.java:328)
	at io.vertx.core.impl.DuplicatedContext.emit(DuplicatedContext.java:166)
	at io.vertx.core.http.impl.Http1xServerConnection.handleMessage(Http1xServerConnection.java:174)
	at io.vertx.core.net.impl.ConnectionBase.read(ConnectionBase.java:159)
	at io.vertx.core.net.impl.VertxHandler.channelRead(VertxHandler.java:153)
	at io.netty.channel.AbstractChannelHandlerContext.invokeChannelRead(AbstractChannelHandlerContext.java:442)
	at io.netty.channel.AbstractChannelHandlerContext.invokeChannelRead(AbstractChannelHandlerContext.java:420)
	at io.netty.channel.AbstractChannelHandlerContext.fireChannelRead(AbstractChannelHandlerContext.java:412)
	at io.vertx.core.http.impl.Http1xUpgradeToH2CHandler.channelRead(Http1xUpgradeToH2CHandler.java:124)
	at io.netty.channel.AbstractChannelHandlerContext.invokeChannelRead(AbstractChannelHandlerContext.java:444)
	at io.netty.channel.AbstractChannelHandlerContext.invokeChannelRead(AbstractChannelHandlerContext.java:420)
	at io.netty.channel.AbstractChannelHandlerContext.fireChannelRead(AbstractChannelHandlerContext.java:412)
	at io.netty.handler.timeout.IdleStateHandler.channelRead(IdleStateHandler.java:289)
	at io.netty.channel.AbstractChannelHandlerContext.invokeChannelRead(AbstractChannelHandlerContext.java:442)
	at io.netty.channel.AbstractChannelHandlerContext.invokeChannelRead(AbstractChannelHandlerContext.java:420)
	at io.netty.channel.AbstractChannelHandlerContext.fireChannelRead(AbstractChannelHandlerContext.java:412)
	at io.netty.handler.codec.ByteToMessageDecoder.fireChannelRead(ByteToMessageDecoder.java:346)
	at io.netty.handler.codec.ByteToMessageDecoder.channelRead(ByteToMessageDecoder.java:318)
	at io.netty.channel.AbstractChannelHandlerContext.invokeChannelRead(AbstractChannelHandlerContext.java:444)
	at io.netty.channel.AbstractChannelHandlerContext.invokeChannelRead(AbstractChannelHandlerContext.java:420)
	at io.netty.channel.AbstractChannelHandlerContext.fireChannelRead(AbstractChannelHandlerContext.java:412)
	at io.vertx.core.http.impl.Http1xOrH2CHandler.end(Http1xOrH2CHandler.java:61)
	at io.vertx.core.http.impl.Http1xOrH2CHandler.channelRead(Http1xOrH2CHandler.java:38)
	at io.netty.channel.AbstractChannelHandlerContext.invokeChannelRead(AbstractChannelHandlerContext.java:444)
	at io.netty.channel.AbstractChannelHandlerContext.invokeChannelRead(AbstractChannelHandlerContext.java:420)
	at io.netty.channel.AbstractChannelHandlerContext.fireChannelRead(AbstractChannelHandlerContext.java:412)
	at io.netty.handler.timeout.IdleStateHandler.channelRead(IdleStateHandler.java:289)
	at io.netty.channel.AbstractChannelHandlerContext.invokeChannelRead(AbstractChannelHandlerContext.java:442)
	at io.netty.channel.AbstractChannelHandlerContext.invokeChannelRead(AbstractChannelHandlerContext.java:420)
	at io.netty.channel.AbstractChannelHandlerContext.fireChannelRead(AbstractChannelHandlerContext.java:412)
	at io.netty.channel.DefaultChannelPipeline$HeadContext.channelRead(DefaultChannelPipeline.java:1410)
	at io.netty.channel.AbstractChannelHandlerContext.invokeChannelRead(AbstractChannelHandlerContext.java:440)
	at io.netty.channel.AbstractChannelHandlerContext.invokeChannelRead(AbstractChannelHandlerContext.java:420)
	at io.netty.channel.DefaultChannelPipeline.fireChannelRead(DefaultChannelPipeline.java:919)
	at io.netty.channel.nio.AbstractNioByteChannel$NioByteUnsafe.read(AbstractNioByteChannel.java:166)
	at io.netty.channel.nio.NioEventLoop.processSelectedKey(NioEventLoop.java:788)
	at io.netty.channel.nio.NioEventLoop.processSelectedKeysOptimized(NioEventLoop.java:724)
	at io.netty.channel.nio.NioEventLoop.processSelectedKeys(NioEventLoop.java:650)
	at io.netty.channel.nio.NioEventLoop.run(NioEventLoop.java:562)
	at io.netty.util.concurrent.SingleThreadEventExecutor$4.run(SingleThreadEventExecutor.java:997)
	at io.netty.util.internal.ThreadExecutorMap$2.run(ThreadExecutorMap.java:74)
	at io.netty.util.concurrent.FastThreadLocalRunnable.run(FastThreadLocalRunnable.java:30)
	at java.base@17.0.8/java.lang.Thread.run(Thread.java:833)

]]></system-out>
  </testcase>
</testsuite>